<?xml version="1.0" encoding="UTF-8"?>
<coverage generated="1679376308887" clover="3.2.0">
  <project timestamp="1679376308887" name="All files">
    <metrics statements="20" coveredstatements="5" conditionals="8" coveredconditionals="0" methods="16" coveredmethods="0" elements="44" coveredelements="5" complexity="0" loc="20" ncloc="20" packages="4" files="4" classes="4"/>
    <package name="js">
      <metrics statements="1" coveredstatements="1" conditionals="0" coveredconditionals="0" methods="0" coveredmethods="0"/>
      <file name="config.js" path="/Users/amaans/work/EsopFrontEnd/js/config.js">
        <metrics statements="1" coveredstatements="1" conditionals="0" coveredconditionals="0" methods="0" coveredmethods="0"/>
        <line num="1" count="1" type="stmt"/>
      </file>
    </package>
    <package name="js.apis">
      <metrics statements="4" coveredstatements="2" conditionals="0" coveredconditionals="0" methods="2" coveredmethods="0"/>
      <file name="api.js" path="/Users/amaans/work/EsopFrontEnd/js/apis/api.js">
        <metrics statements="4" coveredstatements="2" conditionals="0" coveredconditionals="0" methods="2" coveredmethods="0"/>
        <line num="3" count="1" type="stmt"/>
        <line num="4" count="1" type="stmt"/>
        <line num="7" count="0" type="stmt"/>
        <line num="8" count="0" type="stmt"/>
      </file>
    </package>
    <package name="js.order">
      <metrics statements="8" coveredstatements="1" conditionals="4" coveredconditionals="0" methods="7" coveredmethods="0"/>
      <file name="api.js" path="/Users/amaans/work/EsopFrontEnd/js/order/api.js">
        <metrics statements="8" coveredstatements="1" conditionals="4" coveredconditionals="0" methods="7" coveredmethods="0"/>
        <line num="4" count="2" type="stmt"/>
        <line num="9" count="0" type="stmt"/>
        <line num="17" count="0" type="cond" truecount="0" falsecount="2"/>
        <line num="18" count="0" type="stmt"/>
        <line num="20" count="0" type="stmt"/>
        <line num="23" count="0" type="stmt"/>
        <line num="24" count="0" type="stmt"/>
        <line num="27" count="0" type="stmt"/>
      </file>
    </package>
    <package name="js.orderHistory">
      <metrics statements="7" coveredstatements="1" conditionals="4" coveredconditionals="0" methods="7" coveredmethods="0"/>
      <file name="api.js" path="/Users/amaans/work/EsopFrontEnd/js/orderHistory/api.js">
        <metrics statements="7" coveredstatements="1" conditionals="4" coveredconditionals="0" methods="7" coveredmethods="0"/>
        <line num="2" count="2" type="stmt"/>
        <line num="6" count="0" type="stmt"/>
        <line num="8" count="0" type="cond" truecount="0" falsecount="2"/>
        <line num="9" count="0" type="stmt"/>
        <line num="11" count="0" type="stmt"/>
        <line num="14" count="0" type="stmt"/>
        <line num="17" count="0" type="stmt"/>
      </file>
    </package>
  </project>
</coverage>
