{"/Users/amaans/work/EsopFrontEnd/js/config.js": {"path":"/Users/amaans/work/EsopFrontEnd/js/config.js","statementMap":{"0":{"start":{"line":1,"column":22},"end":{"line":5,"column":1}}},"fnMap":{},"branchMap":{},"s":{"0":1},"f":{},"b":{},"_coverageSchema":"43e27e138ebf9cfc5966b082cf9a028302ed4184","hash":"7b1b3f5d5150988d039a1d1e5ab4cd915e023059"}
,"/Users/amaans/work/EsopFrontEnd/js/apis/api.js": {"path":"/Users/amaans/work/EsopFrontEnd/js/apis/api.js","statementMap":{"0":{"start":{"line":3,"column":12},"end":{"line":3,"column":46}},"1":{"start":{"line":4,"column":19},"end":{"line":11,"column":1}},"2":{"start":{"line":7,"column":33},"end":{"line":7,"column":64}},"3":{"start":{"line":8,"column":34},"end":{"line":8,"column":72}}},"fnMap":{"0":{"name":"(anonymous_0)","decl":{"start":{"line":7,"column":19},"end":{"line":7,"column":20}},"loc":{"start":{"line":7,"column":33},"end":{"line":7,"column":64}},"line":7},"1":{"name":"(anonymous_1)","decl":{"start":{"line":8,"column":20},"end":{"line":8,"column":21}},"loc":{"start":{"line":8,"column":34},"end":{"line":8,"column":72}},"line":8}},"branchMap":{},"s":{"0":1,"1":1,"2":0,"3":0},"f":{"0":0,"1":0},"b":{},"_coverageSchema":"43e27e138ebf9cfc5966b082cf9a028302ed4184","hash":"3cac2a611457da3a3936b29aefda9f1655a3188a"}
,"/Users/amaans/work/EsopFrontEnd/js/order/api.js": {"path":"/Users/amaans/work/EsopFrontEnd/js/order/api.js","statementMap":{"0":{"start":{"line":4,"column":16},"end":{"line":29,"column":3}},"1":{"start":{"line":9,"column":4},"end":{"line":28,"column":9}},"2":{"start":{"line":17,"column":8},"end":{"line":19,"column":9}},"3":{"start":{"line":18,"column":10},"end":{"line":18,"column":33}},"4":{"start":{"line":20,"column":8},"end":{"line":20,"column":40}},"5":{"start":{"line":23,"column":8},"end":{"line":23,"column":26}},"6":{"start":{"line":24,"column":8},"end":{"line":24,"column":30}},"7":{"start":{"line":27,"column":8},"end":{"line":27,"column":59}},"8":{"start":{"line":27,"column":36},"end":{"line":27,"column":57}}},"fnMap":{"0":{"name":"(anonymous_0)","decl":{"start":{"line":4,"column":16},"end":{"line":4,"column":17}},"loc":{"start":{"line":8,"column":7},"end":{"line":29,"column":3}},"line":8},"1":{"name":"(anonymous_1)","decl":{"start":{"line":6,"column":22},"end":{"line":6,"column":23}},"loc":{"start":{"line":6,"column":28},"end":{"line":6,"column":30}},"line":6},"2":{"name":"(anonymous_2)","decl":{"start":{"line":7,"column":22},"end":{"line":7,"column":23}},"loc":{"start":{"line":7,"column":28},"end":{"line":7,"column":30}},"line":7},"3":{"name":"(anonymous_3)","decl":{"start":{"line":16,"column":12},"end":{"line":16,"column":13}},"loc":{"start":{"line":16,"column":26},"end":{"line":21,"column":7}},"line":16},"4":{"name":"(anonymous_4)","decl":{"start":{"line":22,"column":12},"end":{"line":22,"column":13}},"loc":{"start":{"line":22,"column":22},"end":{"line":25,"column":7}},"line":22},"5":{"name":"(anonymous_5)","decl":{"start":{"line":26,"column":13},"end":{"line":26,"column":14}},"loc":{"start":{"line":26,"column":24},"end":{"line":28,"column":7}},"line":26},"6":{"name":"(anonymous_6)","decl":{"start":{"line":27,"column":26},"end":{"line":27,"column":27}},"loc":{"start":{"line":27,"column":36},"end":{"line":27,"column":57}},"line":27}},"branchMap":{"0":{"loc":{"start":{"line":6,"column":4},"end":{"line":6,"column":30}},"type":"default-arg","locations":[{"start":{"line":6,"column":22},"end":{"line":6,"column":30}}],"line":6},"1":{"loc":{"start":{"line":7,"column":4},"end":{"line":7,"column":30}},"type":"default-arg","locations":[{"start":{"line":7,"column":22},"end":{"line":7,"column":30}}],"line":7},"2":{"loc":{"start":{"line":17,"column":8},"end":{"line":19,"column":9}},"type":"if","locations":[{"start":{"line":17,"column":8},"end":{"line":19,"column":9}},{"start":{"line":17,"column":8},"end":{"line":19,"column":9}}],"line":17}},"s":{"0":2,"1":0,"2":0,"3":0,"4":0,"5":0,"6":0,"7":0,"8":0},"f":{"0":0,"1":0,"2":0,"3":0,"4":0,"5":0,"6":0},"b":{"0":[0],"1":[0],"2":[0,0]},"_coverageSchema":"43e27e138ebf9cfc5966b082cf9a028302ed4184","hash":"cc25c442a35331f08a35ee9859a8c35d7235d544"}
,"/Users/amaans/work/EsopFrontEnd/js/orderHistory/api.js": {"path":"/Users/amaans/work/EsopFrontEnd/js/orderHistory/api.js","statementMap":{"0":{"start":{"line":2,"column":20},"end":{"line":19,"column":3}},"1":{"start":{"line":6,"column":4},"end":{"line":18,"column":9}},"2":{"start":{"line":8,"column":8},"end":{"line":10,"column":9}},"3":{"start":{"line":9,"column":10},"end":{"line":9,"column":33}},"4":{"start":{"line":11,"column":8},"end":{"line":11,"column":40}},"5":{"start":{"line":14,"column":8},"end":{"line":14,"column":30}},"6":{"start":{"line":17,"column":8},"end":{"line":17,"column":59}},"7":{"start":{"line":17,"column":36},"end":{"line":17,"column":57}}},"fnMap":{"0":{"name":"(anonymous_0)","decl":{"start":{"line":2,"column":20},"end":{"line":2,"column":21}},"loc":{"start":{"line":5,"column":7},"end":{"line":19,"column":3}},"line":5},"1":{"name":"(anonymous_1)","decl":{"start":{"line":3,"column":22},"end":{"line":3,"column":23}},"loc":{"start":{"line":3,"column":28},"end":{"line":3,"column":30}},"line":3},"2":{"name":"(anonymous_2)","decl":{"start":{"line":4,"column":22},"end":{"line":4,"column":23}},"loc":{"start":{"line":4,"column":28},"end":{"line":4,"column":30}},"line":4},"3":{"name":"(anonymous_3)","decl":{"start":{"line":7,"column":12},"end":{"line":7,"column":13}},"loc":{"start":{"line":7,"column":26},"end":{"line":12,"column":7}},"line":7},"4":{"name":"(anonymous_4)","decl":{"start":{"line":13,"column":12},"end":{"line":13,"column":13}},"loc":{"start":{"line":13,"column":22},"end":{"line":15,"column":7}},"line":13},"5":{"name":"(anonymous_5)","decl":{"start":{"line":16,"column":13},"end":{"line":16,"column":14}},"loc":{"start":{"line":16,"column":24},"end":{"line":18,"column":7}},"line":16},"6":{"name":"(anonymous_6)","decl":{"start":{"line":17,"column":26},"end":{"line":17,"column":27}},"loc":{"start":{"line":17,"column":36},"end":{"line":17,"column":57}},"line":17}},"branchMap":{"0":{"loc":{"start":{"line":3,"column":4},"end":{"line":3,"column":30}},"type":"default-arg","locations":[{"start":{"line":3,"column":22},"end":{"line":3,"column":30}}],"line":3},"1":{"loc":{"start":{"line":4,"column":4},"end":{"line":4,"column":30}},"type":"default-arg","locations":[{"start":{"line":4,"column":22},"end":{"line":4,"column":30}}],"line":4},"2":{"loc":{"start":{"line":8,"column":8},"end":{"line":10,"column":9}},"type":"if","locations":[{"start":{"line":8,"column":8},"end":{"line":10,"column":9}},{"start":{"line":8,"column":8},"end":{"line":10,"column":9}}],"line":8}},"s":{"0":2,"1":0,"2":0,"3":0,"4":0,"5":0,"6":0,"7":0},"f":{"0":0,"1":0,"2":0,"3":0,"4":0,"5":0,"6":0},"b":{"0":[0],"1":[0],"2":[0,0]},"_coverageSchema":"43e27e138ebf9cfc5966b082cf9a028302ed4184","hash":"9c435806daf59dbf5fdba4dea00bd2a48b761bbd"}
}
