{"/Users/vigneshs/Projects/FrontEnd/EsopFE/webpack-starter/src/scripts/config.js": {"path":"/Users/vigneshs/Projects/FrontEnd/EsopFE/webpack-starter/src/scripts/config.js","statementMap":{"0":{"start":{"line":1,"column":15},"end":{"line":5,"column":1}}},"fnMap":{},"branchMap":{},"s":{"0":1},"f":{},"b":{},"_coverageSchema":"1a1c01bbd47fc00a2c39e90264f33305004495a9","hash":"a1a1e83ea7a8e0de802f9133514dff34147596d8"}
,"/Users/vigneshs/Projects/FrontEnd/EsopFE/webpack-starter/src/scripts/apis/api.js": {"path":"/Users/vigneshs/Projects/FrontEnd/EsopFE/webpack-starter/src/scripts/apis/api.js","statementMap":{"0":{"start":{"line":3,"column":12},"end":{"line":3,"column":46}},"1":{"start":{"line":4,"column":12},"end":{"line":11,"column":1}},"2":{"start":{"line":7,"column":33},"end":{"line":7,"column":64}},"3":{"start":{"line":8,"column":34},"end":{"line":8,"column":72}}},"fnMap":{"0":{"name":"(anonymous_0)","decl":{"start":{"line":7,"column":19},"end":{"line":7,"column":20}},"loc":{"start":{"line":7,"column":33},"end":{"line":7,"column":64}},"line":7},"1":{"name":"(anonymous_1)","decl":{"start":{"line":8,"column":20},"end":{"line":8,"column":21}},"loc":{"start":{"line":8,"column":34},"end":{"line":8,"column":72}},"line":8}},"branchMap":{},"s":{"0":1,"1":1,"2":2,"3":0},"f":{"0":2,"1":0},"b":{},"_coverageSchema":"1a1c01bbd47fc00a2c39e90264f33305004495a9","hash":"7b901154301cb2bb3f7436eca34a71021b5b3317"}
,"/Users/vigneshs/Projects/FrontEnd/EsopFE/webpack-starter/src/scripts/apis/client.js": {"path":"/Users/vigneshs/Projects/FrontEnd/EsopFE/webpack-starter/src/scripts/apis/client.js","statementMap":{"0":{"start":{"line":2,"column":41},"end":{"line":2,"column":62}},"1":{"start":{"line":3,"column":8},"end":{"line":3,"column":35}},"2":{"start":{"line":5,"column":11},"end":{"line":13,"column":5}},"3":{"start":{"line":6,"column":8},"end":{"line":12,"column":12}}},"fnMap":{"0":{"name":"(anonymous_0)","decl":{"start":{"line":2,"column":4},"end":{"line":2,"column":5}},"loc":{"start":{"line":2,"column":63},"end":{"line":4,"column":5}},"line":2},"1":{"name":"(anonymous_1)","decl":{"start":{"line":2,"column":28},"end":{"line":2,"column":29}},"loc":{"start":{"line":2,"column":41},"end":{"line":2,"column":62}},"line":2},"2":{"name":"(anonymous_2)","decl":{"start":{"line":5,"column":11},"end":{"line":5,"column":12}},"loc":{"start":{"line":5,"column":24},"end":{"line":13,"column":5}},"line":5}},"branchMap":{"0":{"loc":{"start":{"line":2,"column":16},"end":{"line":2,"column":62}},"type":"default-arg","locations":[{"start":{"line":2,"column":28},"end":{"line":2,"column":62}}],"line":2}},"s":{"0":0,"1":2,"2":2,"3":2},"f":{"0":2,"1":0,"2":2},"b":{"0":[0]},"_coverageSchema":"1a1c01bbd47fc00a2c39e90264f33305004495a9","hash":"c5652c5b11e844ee9648a30fb8cc5ac0f8d5a892"}
,"/Users/vigneshs/Projects/FrontEnd/EsopFE/webpack-starter/src/scripts/order/api.js": {"path":"/Users/vigneshs/Projects/FrontEnd/EsopFE/webpack-starter/src/scripts/order/api.js","statementMap":{"0":{"start":{"line":5,"column":20},"end":{"line":27,"column":1}},"1":{"start":{"line":11,"column":2},"end":{"line":26,"column":7}},"2":{"start":{"line":13,"column":6},"end":{"line":15,"column":7}},"3":{"start":{"line":14,"column":8},"end":{"line":14,"column":31}},"4":{"start":{"line":16,"column":6},"end":{"line":16,"column":28}},"5":{"start":{"line":17,"column":6},"end":{"line":17,"column":38}},"6":{"start":{"line":20,"column":6},"end":{"line":20,"column":24}},"7":{"start":{"line":21,"column":6},"end":{"line":21,"column":28}},"8":{"start":{"line":24,"column":6},"end":{"line":24,"column":25}},"9":{"start":{"line":25,"column":6},"end":{"line":25,"column":57}},"10":{"start":{"line":25,"column":34},"end":{"line":25,"column":55}},"11":{"start":{"line":29,"column":24},"end":{"line":44,"column":1}},"12":{"start":{"line":33,"column":2},"end":{"line":43,"column":7}},"13":{"start":{"line":35,"column":6},"end":{"line":37,"column":7}},"14":{"start":{"line":36,"column":8},"end":{"line":36,"column":31}},"15":{"start":{"line":38,"column":6},"end":{"line":38,"column":38}},"16":{"start":{"line":41,"column":6},"end":{"line":41,"column":24}},"17":{"start":{"line":42,"column":6},"end":{"line":42,"column":28}}},"fnMap":{"0":{"name":"(anonymous_0)","decl":{"start":{"line":5,"column":20},"end":{"line":5,"column":21}},"loc":{"start":{"line":10,"column":5},"end":{"line":27,"column":1}},"line":10},"1":{"name":"(anonymous_1)","decl":{"start":{"line":8,"column":20},"end":{"line":8,"column":21}},"loc":{"start":{"line":8,"column":26},"end":{"line":8,"column":28}},"line":8},"2":{"name":"(anonymous_2)","decl":{"start":{"line":9,"column":20},"end":{"line":9,"column":21}},"loc":{"start":{"line":9,"column":26},"end":{"line":9,"column":28}},"line":9},"3":{"name":"(anonymous_3)","decl":{"start":{"line":12,"column":10},"end":{"line":12,"column":11}},"loc":{"start":{"line":12,"column":24},"end":{"line":18,"column":5}},"line":12},"4":{"name":"(anonymous_4)","decl":{"start":{"line":19,"column":10},"end":{"line":19,"column":11}},"loc":{"start":{"line":19,"column":20},"end":{"line":22,"column":5}},"line":19},"5":{"name":"(anonymous_5)","decl":{"start":{"line":23,"column":11},"end":{"line":23,"column":12}},"loc":{"start":{"line":23,"column":22},"end":{"line":26,"column":5}},"line":23},"6":{"name":"(anonymous_6)","decl":{"start":{"line":25,"column":24},"end":{"line":25,"column":25}},"loc":{"start":{"line":25,"column":34},"end":{"line":25,"column":55}},"line":25},"7":{"name":"(anonymous_7)","decl":{"start":{"line":29,"column":24},"end":{"line":29,"column":25}},"loc":{"start":{"line":32,"column":5},"end":{"line":44,"column":1}},"line":32},"8":{"name":"(anonymous_8)","decl":{"start":{"line":30,"column":20},"end":{"line":30,"column":21}},"loc":{"start":{"line":30,"column":26},"end":{"line":30,"column":28}},"line":30},"9":{"name":"(anonymous_9)","decl":{"start":{"line":31,"column":20},"end":{"line":31,"column":21}},"loc":{"start":{"line":31,"column":26},"end":{"line":31,"column":28}},"line":31},"10":{"name":"(anonymous_10)","decl":{"start":{"line":34,"column":10},"end":{"line":34,"column":11}},"loc":{"start":{"line":34,"column":24},"end":{"line":39,"column":5}},"line":34},"11":{"name":"(anonymous_11)","decl":{"start":{"line":40,"column":10},"end":{"line":40,"column":11}},"loc":{"start":{"line":40,"column":20},"end":{"line":43,"column":5}},"line":40}},"branchMap":{"0":{"loc":{"start":{"line":8,"column":2},"end":{"line":8,"column":28}},"type":"default-arg","locations":[{"start":{"line":8,"column":20},"end":{"line":8,"column":28}}],"line":8},"1":{"loc":{"start":{"line":9,"column":2},"end":{"line":9,"column":28}},"type":"default-arg","locations":[{"start":{"line":9,"column":20},"end":{"line":9,"column":28}}],"line":9},"2":{"loc":{"start":{"line":13,"column":6},"end":{"line":15,"column":7}},"type":"if","locations":[{"start":{"line":13,"column":6},"end":{"line":15,"column":7}},{"start":{},"end":{}}],"line":13},"3":{"loc":{"start":{"line":30,"column":2},"end":{"line":30,"column":28}},"type":"default-arg","locations":[{"start":{"line":30,"column":20},"end":{"line":30,"column":28}}],"line":30},"4":{"loc":{"start":{"line":31,"column":2},"end":{"line":31,"column":28}},"type":"default-arg","locations":[{"start":{"line":31,"column":20},"end":{"line":31,"column":28}}],"line":31},"5":{"loc":{"start":{"line":35,"column":6},"end":{"line":37,"column":7}},"type":"if","locations":[{"start":{"line":35,"column":6},"end":{"line":37,"column":7}},{"start":{},"end":{}}],"line":35}},"s":{"0":1,"1":2,"2":2,"3":1,"4":1,"5":1,"6":1,"7":1,"8":1,"9":1,"10":1,"11":1,"12":0,"13":0,"14":0,"15":0,"16":0,"17":0},"f":{"0":2,"1":0,"2":0,"3":2,"4":1,"5":1,"6":1,"7":0,"8":0,"9":0,"10":0,"11":0},"b":{"0":[0],"1":[0],"2":[1,1],"3":[0],"4":[0],"5":[0,0]},"_coverageSchema":"1a1c01bbd47fc00a2c39e90264f33305004495a9","hash":"cc1ab61cb8d8e1e7dd55e60051ee046d3494593c"}
,"/Users/vigneshs/Projects/FrontEnd/EsopFE/webpack-starter/src/scripts/order/order.js": {"path":"/Users/vigneshs/Projects/FrontEnd/EsopFE/webpack-starter/src/scripts/order/order.js","statementMap":{"0":{"start":{"line":8,"column":4},"end":{"line":8,"column":31}},"1":{"start":{"line":10,"column":15},"end":{"line":24,"column":3}},"2":{"start":{"line":11,"column":4},"end":{"line":20,"column":6}},"3":{"start":{"line":15,"column":8},"end":{"line":15,"column":44}},"4":{"start":{"line":18,"column":8},"end":{"line":18,"column":39}},"5":{"start":{"line":21,"column":4},"end":{"line":21,"column":27}},"6":{"start":{"line":23,"column":4},"end":{"line":23,"column":17}},"7":{"start":{"line":26,"column":20},"end":{"line":51,"column":3}},"8":{"start":{"line":27,"column":23},"end":{"line":27,"column":25}},"9":{"start":{"line":29,"column":4},"end":{"line":31,"column":5}},"10":{"start":{"line":30,"column":6},"end":{"line":30,"column":144}},"11":{"start":{"line":33,"column":33},"end":{"line":45,"column":5}},"12":{"start":{"line":47,"column":19},"end":{"line":47,"column":62}},"13":{"start":{"line":49,"column":27},"end":{"line":49,"column":68}},"14":{"start":{"line":50,"column":4},"end":{"line":50,"column":56}},"15":{"start":{"line":53,"column":22},"end":{"line":61,"column":3}},"16":{"start":{"line":54,"column":4},"end":{"line":54,"column":24}},"17":{"start":{"line":55,"column":23},"end":{"line":55,"column":25}},"18":{"start":{"line":56,"column":4},"end":{"line":58,"column":5}},"19":{"start":{"line":57,"column":6},"end":{"line":57,"column":70}},"20":{"start":{"line":59,"column":27},"end":{"line":59,"column":68}},"21":{"start":{"line":60,"column":4},"end":{"line":60,"column":46}},"22":{"start":{"line":63,"column":13},"end":{"line":65,"column":1}},"23":{"start":{"line":64,"column":2},"end":{"line":64,"column":14}},"24":{"start":{"line":67,"column":0},"end":{"line":76,"column":2}},"25":{"start":{"line":68,"column":21},"end":{"line":68,"column":64}},"26":{"start":{"line":70,"column":2},"end":{"line":75,"column":5}},"27":{"start":{"line":71,"column":20},"end":{"line":71,"column":35}},"28":{"start":{"line":72,"column":20},"end":{"line":72,"column":47}},"29":{"start":{"line":73,"column":16},"end":{"line":73,"column":36}},"30":{"start":{"line":74,"column":4},"end":{"line":74,"column":39}}},"fnMap":{"0":{"name":"(anonymous_0)","decl":{"start":{"line":7,"column":2},"end":{"line":7,"column":3}},"loc":{"start":{"line":7,"column":24},"end":{"line":9,"column":3}},"line":7},"1":{"name":"(anonymous_1)","decl":{"start":{"line":10,"column":15},"end":{"line":10,"column":16}},"loc":{"start":{"line":10,"column":35},"end":{"line":24,"column":3}},"line":10},"2":{"name":"(anonymous_2)","decl":{"start":{"line":14,"column":6},"end":{"line":14,"column":7}},"loc":{"start":{"line":14,"column":25},"end":{"line":16,"column":7}},"line":14},"3":{"name":"(anonymous_3)","decl":{"start":{"line":17,"column":6},"end":{"line":17,"column":7}},"loc":{"start":{"line":17,"column":22},"end":{"line":19,"column":7}},"line":17},"4":{"name":"(anonymous_4)","decl":{"start":{"line":26,"column":20},"end":{"line":26,"column":21}},"loc":{"start":{"line":26,"column":39},"end":{"line":51,"column":3}},"line":26},"5":{"name":"(anonymous_5)","decl":{"start":{"line":53,"column":22},"end":{"line":53,"column":23}},"loc":{"start":{"line":53,"column":34},"end":{"line":61,"column":3}},"line":53},"6":{"name":"(anonymous_6)","decl":{"start":{"line":63,"column":13},"end":{"line":63,"column":14}},"loc":{"start":{"line":63,"column":17},"end":{"line":65,"column":1}},"line":63},"7":{"name":"(anonymous_7)","decl":{"start":{"line":67,"column":46},"end":{"line":67,"column":47}},"loc":{"start":{"line":67,"column":50},"end":{"line":76,"column":1}},"line":67},"8":{"name":"(anonymous_8)","decl":{"start":{"line":70,"column":40},"end":{"line":70,"column":41}},"loc":{"start":{"line":70,"column":49},"end":{"line":75,"column":3}},"line":70}},"branchMap":{},"s":{"0":2,"1":2,"2":2,"3":1,"4":1,"5":2,"6":2,"7":2,"8":1,"9":1,"10":3,"11":1,"12":1,"13":1,"14":1,"15":2,"16":1,"17":1,"18":1,"19":1,"20":1,"21":1,"22":1,"23":0,"24":1,"25":0,"26":0,"27":0,"28":0,"29":0,"30":0},"f":{"0":2,"1":2,"2":1,"3":1,"4":1,"5":1,"6":0,"7":0,"8":0},"b":{},"_coverageSchema":"1a1c01bbd47fc00a2c39e90264f33305004495a9","hash":"98268dda6b0f67dd614f812bfd4ec0a9e1205aca"}
,"/Users/vigneshs/Projects/FrontEnd/EsopFE/webpack-starter/src/scripts/order/orderData.js": {"path":"/Users/vigneshs/Projects/FrontEnd/EsopFE/webpack-starter/src/scripts/order/orderData.js","statementMap":{"0":{"start":{"line":1,"column":34},"end":{"line":11,"column":1}},"1":{"start":{"line":2,"column":17},"end":{"line":2,"column":64}},"2":{"start":{"line":3,"column":14},"end":{"line":3,"column":58}},"3":{"start":{"line":4,"column":13},"end":{"line":4,"column":56}},"4":{"start":{"line":6,"column":4},"end":{"line":8,"column":25}},"5":{"start":{"line":10,"column":2},"end":{"line":10,"column":45}}},"fnMap":{"0":{"name":"(anonymous_0)","decl":{"start":{"line":1,"column":34},"end":{"line":1,"column":35}},"loc":{"start":{"line":1,"column":40},"end":{"line":11,"column":1}},"line":1}},"branchMap":{"0":{"loc":{"start":{"line":6,"column":4},"end":{"line":8,"column":25}},"type":"cond-expr","locations":[{"start":{"line":7,"column":8},"end":{"line":7,"column":56}},{"start":{"line":8,"column":8},"end":{"line":8,"column":25}}],"line":6}},"s":{"0":1,"1":0,"2":0,"3":0,"4":0,"5":0},"f":{"0":0},"b":{"0":[0,0]},"_coverageSchema":"1a1c01bbd47fc00a2c39e90264f33305004495a9","hash":"25922f44957ed4d3c5af6b8d5b3e6107ff1c547a"}
}
